<?xml version="1.0" encoding="UTF-8"?><testsuite errors="0" failures="0" name="Login" skipped="0" tests="7" time="0.63" timestamp="2022-12-05 02:09:08"><testcase name="Login with null email and null password"/><testcase name="Login with valid email and invalid password"/><testcase name="Login with invalid email and valid password"/><testcase name="Login with valid email and invalid password"/><testcase name="Login with valid email and valid password"/><testcase name="Login with null email and invalid password"/><testcase name="Login with valid email and null password"/></testsuite>