<?xml version="1.0" encoding="UTF-8"?><testsuite errors="0" failures="0" name="Login" skipped="0" tests="8" time="0.68" timestamp="2022-12-05 02:45:13"><testcase name="Login with valid username and correct password"/><testcase name="Login with null username and null password"/><testcase name="Login with valid username and invalid password"/><testcase name="Login with invalid username and valid password"/><testcase name="Login with valid username and invalid password"/><testcase name="Login with valid username and valid password"/><testcase name="Login with null username and invalid password"/><testcase name="Login with valid username and null password"/></testsuite>